<?xml version="1.0" encoding="UTF-8"?>
<testng-results skipped="0" failed="0" ignored="0" total="1" passed="1">
  <reporter-output>
  </reporter-output>
  <suite name="Default suite" duration-ms="60540" started-at="2019-12-11T13:07:04Z" finished-at="2019-12-11T13:08:05Z">
    <groups>
    </groups>
    <test name="Default test" duration-ms="60540" started-at="2019-12-11T13:07:04Z" finished-at="2019-12-11T13:08:05Z">
      <class name="com.bridgelabz.selenium.LinkedInAutomation.LinkedInTest">
        <test-method status="PASS" signature="initDriver()[pri:0, instance:com.bridgelabz.selenium.LinkedInAutomation.LinkedInTest@47c62251]" name="initDriver" is-config="true" duration-ms="6277" started-at="2019-12-11T13:07:04Z" finished-at="2019-12-11T13:07:11Z">
          <reporter-output>
          </reporter-output>
        </test-method> <!-- initDriver -->
        <test-method status="PASS" signature="linkedInTest()[pri:0, instance:com.bridgelabz.selenium.LinkedInAutomation.LinkedInTest@47c62251]" name="linkedInTest" duration-ms="53922" started-at="2019-12-11T13:07:11Z" finished-at="2019-12-11T13:08:05Z">
          <reporter-output>
          </reporter-output>
        </test-method> <!-- linkedInTest -->
        <test-method status="PASS" signature="tearDown()[pri:0, instance:com.bridgelabz.selenium.LinkedInAutomation.LinkedInTest@47c62251]" name="tearDown" is-config="true" duration-ms="291" started-at="2019-12-11T13:08:05Z" finished-at="2019-12-11T13:08:05Z">
          <reporter-output>
          </reporter-output>
        </test-method> <!-- tearDown -->
      </class> <!-- com.bridgelabz.selenium.LinkedInAutomation.LinkedInTest -->
    </test> <!-- Default test -->
  </suite> <!-- Default suite -->
</testng-results>
